<?xml version="1.0" encoding="UTF-8"?>
<testng-results ignored="0" total="1" passed="1" failed="0" skipped="0">
  <reporter-output>
  </reporter-output>
  <suite started-at="2022-12-15T19:43:56 IST" name="Default suite" finished-at="2022-12-15T19:43:56 IST" duration-ms="107">
    <groups>
    </groups>
    <test started-at="2022-12-15T19:43:56 IST" name="Default test" finished-at="2022-12-15T19:43:56 IST" duration-ms="107">
      <class name="demo.sample">
        <test-method signature="sampleTest()[pri:0, instance:demo.sample@4df50bcc]" started-at="2022-12-15T19:43:56 IST" name="sampleTest" finished-at="2022-12-15T19:43:56 IST" duration-ms="19" status="PASS">
          <reporter-output>
          </reporter-output>
        </test-method> <!-- sampleTest -->
      </class> <!-- demo.sample -->
    </test> <!-- Default test -->
  </suite> <!-- Default suite -->
</testng-results>
